# JRE version: OpenJDK Runtime Environment (8.0_76-b03) (build 1.8.0_76-release-b03)
# Java VM: OpenJDK 64-Bit Server VM (25.76-b03 mixed mode windows-amd64 compressed oops)
Heap:
 PSYoungGen      total 247296K, used 66269K [0x00000000e0000000, 0x00000000f1b80000, 0x0000000100000000)
  eden space 206336K, 17% used [0x00000000e0000000,0x00000000e23b67e0,0x00000000ec980000)
  from space 40960K, 72% used [0x00000000ecb80000,0x00000000ee880d08,0x00000000ef380000)
  to   space 24576K, 0% used [0x00000000f0380000,0x00000000f0380000,0x00000000f1b80000)
 ParOldGen       total 244224K, used 172045K [0x00000000a0000000, 0x00000000aee80000, 0x00000000e0000000)
  object space 244224K, 70% used [0x00000000a0000000,0x00000000aa803630,0x00000000aee80000)
 Metaspace       used 53917K, capacity 55218K, committed 55472K, reserved 1097728K
  class space    used 6964K, capacity 7282K, committed 7344K, reserved 1048576K
GC Heap History (10 events):
Event: 40.925 GC heap before
{Heap before GC invocations=35 (full 5):
 PSYoungGen      total 247296K, used 232355K [0x00000000e0000000, 0x00000000f1b80000, 0x0000000100000000)
  eden space 206336K, 100% used [0x00000000e0000000,0x00000000ec980000,0x00000000ec980000)
  from space 40960K, 63% used [0x00000000ecb80000,0x00000000ee4e8ea8,0x00000000ef380000)
  to   space 24576K, 0% used [0x00000000f0380000,0x00000000f0380000,0x00000000f1b80000)
 ParOldGen       total 207872K, used 147653K [0x00000000a0000000, 0x00000000acb00000, 0x00000000e0000000)
  object space 207872K, 71% used [0x00000000a0000000,0x00000000a9031560,0x00000000acb00000)
 Metaspace       used 53396K, capacity 54704K, committed 54960K, reserved 1097728K
  class space    used 6912K, capacity 7217K, committed 7344K, reserved 1048576K
Event: 41.085 GC heap after
Heap after GC invocations=35 (full 5):
 PSYoungGen      total 230912K, used 24575K [0x00000000e0000000, 0x00000000f1b80000, 0x0000000100000000)
  eden space 206336K, 0% used [0x00000000e0000000,0x00000000e0000000,0x00000000ec980000)
  from space 24576K, 99% used [0x00000000f0380000,0x00000000f1b7fef0,0x00000000f1b80000)
  to   space 40960K, 0% used [0x00000000ecb80000,0x00000000ecb80000,0x00000000ef380000)
 ParOldGen       total 207872K, used 180274K [0x00000000a0000000, 0x00000000acb00000, 0x00000000e0000000)
  object space 207872K, 86% used [0x00000000a0000000,0x00000000ab00c818,0x00000000acb00000)
 Metaspace       used 53396K, capacity 54704K, committed 54960K, reserved 1097728K
  class space    used 6912K, capacity 7217K, committed 7344K, reserved 1048576K
}
Event: 41.085 GC heap before
{Heap before GC invocations=36 (full 6):
 PSYoungGen      total 230912K, used 24575K [0x00000000e0000000, 0x00000000f1b80000, 0x0000000100000000)
  eden space 206336K, 0% used [0x00000000e0000000,0x00000000e0000000,0x00000000ec980000)
  from space 24576K, 99% used [0x00000000f0380000,0x00000000f1b7fef0,0x00000000f1b80000)
  to   space 40960K, 0% used [0x00000000ecb80000,0x00000000ecb80000,0x00000000ef380000)
 ParOldGen       total 207872K, used 180274K [0x00000000a0000000, 0x00000000acb00000, 0x00000000e0000000)
  object space 207872K, 86% used [0x00000000a0000000,0x00000000ab00c818,0x00000000acb00000)
 Metaspace       used 53396K, capacity 54704K, committed 54960K, reserved 1097728K
  class space    used 6912K, capacity 7217K, committed 7344K, reserved 1048576K
Event: 41.992 GC heap after
Heap after GC invocations=36 (full 6):
 PSYoungGen      total 230912K, used 0K [0x00000000e0000000, 0x00000000f1b80000, 0x0000000100000000)
  eden space 206336K, 0% used [0x00000000e0000000,0x00000000e0000000,0x00000000ec980000)
  from space 24576K, 0% used [0x00000000f0380000,0x00000000f0380000,0x00000000f1b80000)
  to   space 40960K, 0% used [0x00000000ecb80000,0x00000000ecb80000,0x00000000ef380000)
 ParOldGen       total 244224K, used 116737K [0x00000000a0000000, 0x00000000aee80000, 0x00000000e0000000)
  object space 244224K, 47% used [0x00000000a0000000,0x00000000a7200540,0x00000000aee80000)
 Metaspace       used 53396K, capacity 54704K, committed 54960K, reserved 1097728K
  class space    used 6912K, capacity 7217K, committed 7344K, reserved 1048576K
}
Event: 42.894 GC heap before
{Heap before GC invocations=37 (full 6):
 PSYoungGen      total 230912K, used 206336K [0x00000000e0000000, 0x00000000f1b80000, 0x0000000100000000)
  eden space 206336K, 100% used [0x00000000e0000000,0x00000000ec980000,0x00000000ec980000)
  from space 24576K, 0% used [0x00000000f0380000,0x00000000f0380000,0x00000000f1b80000)
  to   space 40960K, 0% used [0x00000000ecb80000,0x00000000ecb80000,0x00000000ef380000)
 ParOldGen       total 244224K, used 116737K [0x00000000a0000000, 0x00000000aee80000, 0x00000000e0000000)
  object space 244224K, 47% used [0x00000000a0000000,0x00000000a7200540,0x00000000aee80000)
 Metaspace       used 53398K, capacity 54704K, committed 54960K, reserved 1097728K
  class space    used 6912K, capacity 7217K, committed 7344K, reserved 1048576K
Event: 42.983 GC heap after
Heap after GC invocations=37 (full 6):
 PSYoungGen      total 247296K, used 38704K [0x00000000e0000000, 0x00000000f1b80000, 0x0000000100000000)
  eden space 206336K, 0% used [0x00000000e0000000,0x00000000e0000000,0x00000000ec980000)
  from space 40960K, 94% used [0x00000000ecb80000,0x00000000ef14c038,0x00000000ef380000)
  to   space 24576K, 0% used [0x00000000f0380000,0x00000000f0380000,0x00000000f1b80000)
 ParOldGen       total 244224K, used 116737K [0x00000000a0000000, 0x00000000aee80000, 0x00000000e0000000)
  object space 244224K, 47% used [0x00000000a0000000,0x00000000a7200540,0x00000000aee80000)
 Metaspace       used 53398K, capacity 54704K, committed 54960K, reserved 1097728K
  class space    used 6912K, capacity 7217K, committed 7344K, reserved 1048576K
}
Event: 43.857 GC heap before
{Heap before GC invocations=38 (full 6):
 PSYoungGen      total 247296K, used 245040K [0x00000000e0000000, 0x00000000f1b80000, 0x0000000100000000)
  eden space 206336K, 100% used [0x00000000e0000000,0x00000000ec980000,0x00000000ec980000)
  from space 40960K, 94% used [0x00000000ecb80000,0x00000000ef14c038,0x00000000ef380000)
  to   space 24576K, 0% used [0x00000000f0380000,0x00000000f0380000,0x00000000f1b80000)
 ParOldGen       total 244224K, used 116737K [0x00000000a0000000, 0x00000000aee80000, 0x00000000e0000000)
  object space 244224K, 47% used [0x00000000a0000000,0x00000000a7200540,0x00000000aee80000)
 Metaspace       used 53398K, capacity 54704K, committed 54960K, reserved 1097728K
  class space    used 6912K, capacity 7217K, committed 7344K, reserved 1048576K
Event: 44.025 GC heap after
Heap after GC invocations=38 (full 6):
 PSYoungGen      total 230912K, used 24564K [0x00000000e0000000, 0x00000000f1b80000, 0x0000000100000000)
  eden space 206336K, 0% used [0x00000000e0000000,0x00000000e0000000,0x00000000ec980000)
  from space 24576K, 99% used [0x00000000f0380000,0x00000000f1b7d318,0x00000000f1b80000)
  to   space 40960K, 0% used [0x00000000ecb80000,0x00000000ecb80000,0x00000000ef380000)
 ParOldGen       total 244224K, used 154483K [0x00000000a0000000, 0x00000000aee80000, 0x00000000e0000000)
  object space 244224K, 63% used [0x00000000a0000000,0x00000000a96dcd00,0x00000000aee80000)
 Metaspace       used 53398K, capacity 54704K, committed 54960K, reserved 1097728K
  class space    used 6912K, capacity 7217K, committed 7344K, reserved 1048576K
}
Event: 46.548 GC heap before
{Heap before GC invocations=39 (full 6):
 PSYoungGen      total 230912K, used 230900K [0x00000000e0000000, 0x00000000f1b80000, 0x0000000100000000)
  eden space 206336K, 100% used [0x00000000e0000000,0x00000000ec980000,0x00000000ec980000)
  from space 24576K, 99% used [0x00000000f0380000,0x00000000f1b7d318,0x00000000f1b80000)
  to   space 40960K, 0% used [0x00000000ecb80000,0x00000000ecb80000,0x00000000ef380000)
 ParOldGen       total 244224K, used 154483K [0x00000000a0000000, 0x00000000aee80000, 0x00000000e0000000)
  object space 244224K, 63% used [0x00000000a0000000,0x00000000a96dcd00,0x00000000aee80000)
 Metaspace       used 53731K, capacity 55058K, committed 55216K, reserved 1097728K
  class space    used 6946K, capacity 7250K, committed 7344K, reserved 1048576K
Event: 46.637 GC heap after
Heap after GC invocations=39 (full 6):
 PSYoungGen      total 247296K, used 29699K [0x00000000e0000000, 0x00000000f1b80000, 0x0000000100000000)
  eden space 206336K, 0% used [0x00000000e0000000,0x00000000e0000000,0x00000000ec980000)
  from space 40960K, 72% used [0x00000000ecb80000,0x00000000ee880d08,0x00000000ef380000)
  to   space 24576K, 0% used [0x00000000f0380000,0x00000000f0380000,0x00000000f1b80000)
 ParOldGen       total 244224K, used 172045K [0x00000000a0000000, 0x00000000aee80000, 0x00000000e0000000)
  object space 244224K, 70% used [0x00000000a0000000,0x00000000aa803630,0x00000000aee80000)
 Metaspace       used 53731K, capacity 55058K, committed 55216K, reserved 1097728K
  class space    used 6946K, capacity 7250K, committed 7344K, reserved 1048576K
}

