# JRE version: OpenJDK Runtime Environment (8.0_76-b03) (build 1.8.0_76-release-b03)
# Java VM: OpenJDK 64-Bit Server VM (25.76-b03 mixed mode windows-amd64 compressed oops)
Heap:
 PSYoungGen      total 288256K, used 159728K [0x00000000e0000000, 0x00000000f6e00000, 0x0000000100000000)
  eden space 246784K, 52% used [0x00000000e0000000,0x00000000e7e66738,0x00000000ef100000)
  from space 41472K, 73% used [0x00000000ef100000,0x00000000f0e95a70,0x00000000f1980000)
  to   space 54784K, 0% used [0x00000000f3880000,0x00000000f3880000,0x00000000f6e00000)
 ParOldGen       total 143360K, used 103558K [0x00000000a0000000, 0x00000000a8c00000, 0x00000000e0000000)
  object space 143360K, 72% used [0x00000000a0000000,0x00000000a6521bf0,0x00000000a8c00000)
 Metaspace       used 64335K, capacity 66110K, committed 66328K, reserved 1107968K
  class space    used 8071K, capacity 8454K, committed 8496K, reserved 1048576K
GC Heap History (10 events):
Event: 269.099 GC heap before
{Heap before GC invocations=30 (full 5):
 PSYoungGen      total 275968K, used 264616K [0x00000000e0000000, 0x00000000f5a00000, 0x0000000100000000)
  eden space 246784K, 100% used [0x00000000e0000000,0x00000000ef100000,0x00000000ef100000)
  from space 29184K, 61% used [0x00000000f1980000,0x00000000f2aea370,0x00000000f3600000)
  to   space 41472K, 0% used [0x00000000ef100000,0x00000000ef100000,0x00000000f1980000)
 ParOldGen       total 143360K, used 84851K [0x00000000a0000000, 0x00000000a8c00000, 0x00000000e0000000)
  object space 143360K, 59% used [0x00000000a0000000,0x00000000a52dcd20,0x00000000a8c00000)
 Metaspace       used 64267K, capacity 66046K, committed 66328K, reserved 1107968K
  class space    used 8071K, capacity 8454K, committed 8496K, reserved 1048576K
Event: 269.241 GC heap after
Heap after GC invocations=30 (full 5):
 PSYoungGen      total 288256K, used 28398K [0x00000000e0000000, 0x00000000f5a00000, 0x0000000100000000)
  eden space 246784K, 0% used [0x00000000e0000000,0x00000000e0000000,0x00000000ef100000)
  from space 41472K, 68% used [0x00000000ef100000,0x00000000f0cbba88,0x00000000f1980000)
  to   space 29184K, 0% used [0x00000000f1980000,0x00000000f1980000,0x00000000f3600000)
 ParOldGen       total 143360K, used 100472K [0x00000000a0000000, 0x00000000a8c00000, 0x00000000e0000000)
  object space 143360K, 70% used [0x00000000a0000000,0x00000000a621e168,0x00000000a8c00000)
 Metaspace       used 64267K, capacity 66046K, committed 66328K, reserved 1107968K
  class space    used 8071K, capacity 8454K, committed 8496K, reserved 1048576K
}
Event: 270.636 GC heap before
{Heap before GC invocations=31 (full 5):
 PSYoungGen      total 288256K, used 275182K [0x00000000e0000000, 0x00000000f5a00000, 0x0000000100000000)
  eden space 246784K, 100% used [0x00000000e0000000,0x00000000ef100000,0x00000000ef100000)
  from space 41472K, 68% used [0x00000000ef100000,0x00000000f0cbba88,0x00000000f1980000)
  to   space 29184K, 0% used [0x00000000f1980000,0x00000000f1980000,0x00000000f3600000)
 ParOldGen       total 143360K, used 100472K [0x00000000a0000000, 0x00000000a8c00000, 0x00000000e0000000)
  object space 143360K, 70% used [0x00000000a0000000,0x00000000a621e168,0x00000000a8c00000)
 Metaspace       used 64287K, capacity 66110K, committed 66328K, reserved 1107968K
  class space    used 8071K, capacity 8454K, committed 8496K, reserved 1048576K
Event: 270.760 GC heap after
Heap after GC invocations=31 (full 5):
 PSYoungGen      total 275968K, used 29180K [0x00000000e0000000, 0x00000000f5a00000, 0x0000000100000000)
  eden space 246784K, 0% used [0x00000000e0000000,0x00000000e0000000,0x00000000ef100000)
  from space 29184K, 99% used [0x00000000f1980000,0x00000000f35ff000,0x00000000f3600000)
  to   space 41472K, 0% used [0x00000000ef100000,0x00000000ef100000,0x00000000f1980000)
 ParOldGen       total 143360K, used 123640K [0x00000000a0000000, 0x00000000a8c00000, 0x00000000e0000000)
  object space 143360K, 86% used [0x00000000a0000000,0x00000000a78be328,0x00000000a8c00000)
 Metaspace       used 64287K, capacity 66110K, committed 66328K, reserved 1107968K
  class space    used 8071K, capacity 8454K, committed 8496K, reserved 1048576K
}
Event: 270.760 GC heap before
{Heap before GC invocations=32 (full 6):
 PSYoungGen      total 275968K, used 29180K [0x00000000e0000000, 0x00000000f5a00000, 0x0000000100000000)
  eden space 246784K, 0% used [0x00000000e0000000,0x00000000e0000000,0x00000000ef100000)
  from space 29184K, 99% used [0x00000000f1980000,0x00000000f35ff000,0x00000000f3600000)
  to   space 41472K, 0% used [0x00000000ef100000,0x00000000ef100000,0x00000000f1980000)
 ParOldGen       total 143360K, used 123640K [0x00000000a0000000, 0x00000000a8c00000, 0x00000000e0000000)
  object space 143360K, 86% used [0x00000000a0000000,0x00000000a78be328,0x00000000a8c00000)
 Metaspace       used 64287K, capacity 66110K, committed 66328K, reserved 1107968K
  class space    used 8071K, capacity 8454K, committed 8496K, reserved 1048576K
Event: 271.751 GC heap after
Heap after GC invocations=32 (full 6):
 PSYoungGen      total 275968K, used 0K [0x00000000e0000000, 0x00000000f5a00000, 0x0000000100000000)
  eden space 246784K, 0% used [0x00000000e0000000,0x00000000e0000000,0x00000000ef100000)
  from space 29184K, 0% used [0x00000000f1980000,0x00000000f1980000,0x00000000f3600000)
  to   space 41472K, 0% used [0x00000000ef100000,0x00000000ef100000,0x00000000f1980000)
 ParOldGen       total 143360K, used 109434K [0x00000000a0000000, 0x00000000a8c00000, 0x00000000e0000000)
  object space 143360K, 76% used [0x00000000a0000000,0x00000000a6ade838,0x00000000a8c00000)
 Metaspace       used 64287K, capacity 66110K, committed 66328K, reserved 1107968K
  class space    used 8071K, capacity 8454K, committed 8496K, reserved 1048576K
}
Event: 273.229 GC heap before
{Heap before GC invocations=33 (full 7):
 PSYoungGen      total 275968K, used 246784K [0x00000000e0000000, 0x00000000f5a00000, 0x0000000100000000)
  eden space 246784K, 100% used [0x00000000e0000000,0x00000000ef100000,0x00000000ef100000)
  from space 29184K, 0% used [0x00000000f1980000,0x00000000f1980000,0x00000000f3600000)
  to   space 41472K, 0% used [0x00000000ef100000,0x00000000ef100000,0x00000000f1980000)
 ParOldGen       total 143360K, used 119377K [0x00000000a0000000, 0x00000000a8c00000, 0x00000000e0000000)
  object space 143360K, 83% used [0x00000000a0000000,0x00000000a74945f0,0x00000000a8c00000)
 Metaspace       used 64307K, capacity 66110K, committed 66328K, reserved 1107968K
  class space    used 8071K, capacity 8454K, committed 8496K, reserved 1048576K
Event: 274.032 GC heap after
Heap after GC invocations=33 (full 7):
 PSYoungGen      total 275968K, used 0K [0x00000000e0000000, 0x00000000f5a00000, 0x0000000100000000)
  eden space 246784K, 0% used [0x00000000e0000000,0x00000000e0000000,0x00000000ef100000)
  from space 29184K, 0% used [0x00000000f1980000,0x00000000f1980000,0x00000000f3600000)
  to   space 41472K, 0% used [0x00000000ef100000,0x00000000ef100000,0x00000000f1980000)
 ParOldGen       total 143360K, used 103549K [0x00000000a0000000, 0x00000000a8c00000, 0x00000000e0000000)
  object space 143360K, 72% used [0x00000000a0000000,0x00000000a651f7a8,0x00000000a8c00000)
 Metaspace       used 64307K, capacity 66110K, committed 66328K, reserved 1107968K
  class space    used 8071K, capacity 8454K, committed 8496K, reserved 1048576K
}
Event: 275.527 GC heap before
{Heap before GC invocations=34 (full 7):
 PSYoungGen      total 275968K, used 246784K [0x00000000e0000000, 0x00000000f5a00000, 0x0000000100000000)
  eden space 246784K, 100% used [0x00000000e0000000,0x00000000ef100000,0x00000000ef100000)
  from space 29184K, 0% used [0x00000000f1980000,0x00000000f1980000,0x00000000f3600000)
  to   space 41472K, 0% used [0x00000000ef100000,0x00000000ef100000,0x00000000f1980000)
 ParOldGen       total 143360K, used 103550K [0x00000000a0000000, 0x00000000a8c00000, 0x00000000e0000000)
  object space 143360K, 72% used [0x00000000a0000000,0x00000000a651fbf0,0x00000000a8c00000)
 Metaspace       used 64326K, capacity 66110K, committed 66328K, reserved 1107968K
  class space    used 8071K, capacity 8454K, committed 8496K, reserved 1048576K
Event: 275.619 GC heap after
Heap after GC invocations=34 (full 7):
 PSYoungGen      total 288256K, used 30294K [0x00000000e0000000, 0x00000000f6e00000, 0x0000000100000000)
  eden space 246784K, 0% used [0x00000000e0000000,0x00000000e0000000,0x00000000ef100000)
  from space 41472K, 73% used [0x00000000ef100000,0x00000000f0e95a70,0x00000000f1980000)
  to   space 54784K, 0% used [0x00000000f3880000,0x00000000f3880000,0x00000000f6e00000)
 ParOldGen       total 143360K, used 103558K [0x00000000a0000000, 0x00000000a8c00000, 0x00000000e0000000)
  object space 143360K, 72% used [0x00000000a0000000,0x00000000a6521bf0,0x00000000a8c00000)
 Metaspace       used 64326K, capacity 66110K, committed 66328K, reserved 1107968K
  class space    used 8071K, capacity 8454K, committed 8496K, reserved 1048576K
}

