# JRE version: OpenJDK Runtime Environment (8.0_76-b03) (build 1.8.0_76-release-b03)
# Java VM: OpenJDK 64-Bit Server VM (25.76-b03 mixed mode windows-amd64 compressed oops)
Heap:
 PSYoungGen      total 181248K, used 9154K [0x00000000e0000000, 0x00000000ee000000, 0x0000000100000000)
  eden space 133120K, 6% used [0x00000000e0000000,0x00000000e08f0b80,0x00000000e8200000)
  from space 48128K, 0% used [0x00000000eb100000,0x00000000eb100000,0x00000000ee000000)
  to   space 48128K, 0% used [0x00000000e8200000,0x00000000e8200000,0x00000000eb100000)
 ParOldGen       total 124416K, used 60591K [0x00000000a0000000, 0x00000000a7980000, 0x00000000e0000000)
  object space 124416K, 48% used [0x00000000a0000000,0x00000000a3b2bcf8,0x00000000a7980000)
 Metaspace       used 78282K, capacity 81408K, committed 82560K, reserved 1120256K
  class space    used 9920K, capacity 10544K, committed 10880K, reserved 1048576K
GC Heap History (10 events):
Event: 2123.821 GC heap before
{Heap before GC invocations=79 (full 33):
 PSYoungGen      total 164352K, used 127912K [0x00000000e0000000, 0x00000000edd80000, 0x0000000100000000)
  eden space 128000K, 99% used [0x00000000e0000000,0x00000000e7cea320,0x00000000e7d00000)
  from space 36352K, 0% used [0x00000000eba00000,0x00000000eba00000,0x00000000edd80000)
  to   space 29696K, 0% used [0x00000000e7d00000,0x00000000e7d00000,0x00000000e9a00000)
 ParOldGen       total 98304K, used 97667K [0x00000000a0000000, 0x00000000a6000000, 0x00000000e0000000)
  object space 98304K, 99% used [0x00000000a0000000,0x00000000a5f60e20,0x00000000a6000000)
 Metaspace       used 77467K, capacity 80492K, committed 82048K, reserved 1120256K
  class space    used 9796K, capacity 10436K, committed 10880K, reserved 1048576K
Event: 2124.828 GC heap after
Heap after GC invocations=79 (full 33):
 PSYoungGen      total 164352K, used 2174K [0x00000000e0000000, 0x00000000edd80000, 0x0000000100000000)
  eden space 128000K, 1% used [0x00000000e0000000,0x00000000e021f990,0x00000000e7d00000)
  from space 36352K, 0% used [0x00000000eba00000,0x00000000eba00000,0x00000000edd80000)
  to   space 29696K, 0% used [0x00000000e7d00000,0x00000000e7d00000,0x00000000e9a00000)
 ParOldGen       total 98304K, used 98286K [0x00000000a0000000, 0x00000000a6000000, 0x00000000e0000000)
  object space 98304K, 99% used [0x00000000a0000000,0x00000000a5ffb878,0x00000000a6000000)
 Metaspace       used 77467K, capacity 80492K, committed 82048K, reserved 1120256K
  class space    used 9796K, capacity 10436K, committed 10880K, reserved 1048576K
}
Event: 2125.840 GC heap before
{Heap before GC invocations=80 (full 34):
 PSYoungGen      total 164352K, used 128000K [0x00000000e0000000, 0x00000000edd80000, 0x0000000100000000)
  eden space 128000K, 100% used [0x00000000e0000000,0x00000000e7d00000,0x00000000e7d00000)
  from space 36352K, 0% used [0x00000000eba00000,0x00000000eba00000,0x00000000edd80000)
  to   space 29696K, 0% used [0x00000000e7d00000,0x00000000e7d00000,0x00000000e9a00000)
 ParOldGen       total 124416K, used 123886K [0x00000000a0000000, 0x00000000a7980000, 0x00000000e0000000)
  object space 124416K, 99% used [0x00000000a0000000,0x00000000a78fba08,0x00000000a7980000)
 Metaspace       used 78153K, capacity 81180K, committed 82304K, reserved 1120256K
  class space    used 9899K, capacity 10534K, committed 10880K, reserved 1048576K
Event: 2126.193 GC heap after
Heap after GC invocations=80 (full 34):
 PSYoungGen      total 164352K, used 0K [0x00000000e0000000, 0x00000000edd80000, 0x0000000100000000)
  eden space 128000K, 0% used [0x00000000e0000000,0x00000000e0000000,0x00000000e7d00000)
  from space 36352K, 0% used [0x00000000eba00000,0x00000000eba00000,0x00000000edd80000)
  to   space 29696K, 0% used [0x00000000e7d00000,0x00000000e7d00000,0x00000000e9a00000)
 ParOldGen       total 124416K, used 106001K [0x00000000a0000000, 0x00000000a7980000, 0x00000000e0000000)
  object space 124416K, 85% used [0x00000000a0000000,0x00000000a6784468,0x00000000a7980000)
 Metaspace       used 78153K, capacity 81180K, committed 82304K, reserved 1120256K
  class space    used 9899K, capacity 10534K, committed 10880K, reserved 1048576K
}
Event: 2126.230 GC heap before
{Heap before GC invocations=81 (full 34):
 PSYoungGen      total 164352K, used 127300K [0x00000000e0000000, 0x00000000edd80000, 0x0000000100000000)
  eden space 128000K, 99% used [0x00000000e0000000,0x00000000e7c51110,0x00000000e7d00000)
  from space 36352K, 0% used [0x00000000eba00000,0x00000000eba00000,0x00000000edd80000)
  to   space 29696K, 0% used [0x00000000e7d00000,0x00000000e7d00000,0x00000000e9a00000)
 ParOldGen       total 124416K, used 106001K [0x00000000a0000000, 0x00000000a7980000, 0x00000000e0000000)
  object space 124416K, 85% used [0x00000000a0000000,0x00000000a6784468,0x00000000a7980000)
 Metaspace       used 78155K, capacity 81180K, committed 82304K, reserved 1120256K
  class space    used 9899K, capacity 10534K, committed 10880K, reserved 1048576K
Event: 2126.234 GC heap after
Heap after GC invocations=81 (full 34):
 PSYoungGen      total 157696K, used 96K [0x00000000e0000000, 0x00000000ee000000, 0x0000000100000000)
  eden space 128000K, 0% used [0x00000000e0000000,0x00000000e0000000,0x00000000e7d00000)
  from space 29696K, 0% used [0x00000000e7d00000,0x00000000e7d18000,0x00000000e9a00000)
  to   space 48128K, 0% used [0x00000000eb100000,0x00000000eb100000,0x00000000ee000000)
 ParOldGen       total 124416K, used 106001K [0x00000000a0000000, 0x00000000a7980000, 0x00000000e0000000)
  object space 124416K, 85% used [0x00000000a0000000,0x00000000a6784468,0x00000000a7980000)
 Metaspace       used 78155K, capacity 81180K, committed 82304K, reserved 1120256K
  class space    used 9899K, capacity 10534K, committed 10880K, reserved 1048576K
}
Event: 2127.764 GC heap before
{Heap before GC invocations=82 (full 34):
 PSYoungGen      total 157696K, used 92771K [0x00000000e0000000, 0x00000000ee000000, 0x0000000100000000)
  eden space 128000K, 72% used [0x00000000e0000000,0x00000000e5a80e80,0x00000000e7d00000)
  from space 29696K, 0% used [0x00000000e7d00000,0x00000000e7d18000,0x00000000e9a00000)
  to   space 48128K, 0% used [0x00000000eb100000,0x00000000eb100000,0x00000000ee000000)
 ParOldGen       total 124416K, used 106001K [0x00000000a0000000, 0x00000000a7980000, 0x00000000e0000000)
  object space 124416K, 85% used [0x00000000a0000000,0x00000000a6784468,0x00000000a7980000)
 Metaspace       used 78240K, capacity 81244K, committed 82304K, reserved 1120256K
  class space    used 9911K, capacity 10534K, committed 10880K, reserved 1048576K
Event: 2127.769 GC heap after
Heap after GC invocations=82 (full 34):
 PSYoungGen      total 181248K, used 281K [0x00000000e0000000, 0x00000000ee000000, 0x0000000100000000)
  eden space 133120K, 0% used [0x00000000e0000000,0x00000000e0000000,0x00000000e8200000)
  from space 48128K, 0% used [0x00000000eb100000,0x00000000eb146590,0x00000000ee000000)
  to   space 48128K, 0% used [0x00000000e8200000,0x00000000e8200000,0x00000000eb100000)
 ParOldGen       total 124416K, used 106001K [0x00000000a0000000, 0x00000000a7980000, 0x00000000e0000000)
  object space 124416K, 85% used [0x00000000a0000000,0x00000000a6784468,0x00000000a7980000)
 Metaspace       used 78240K, capacity 81244K, committed 82304K, reserved 1120256K
  class space    used 9911K, capacity 10534K, committed 10880K, reserved 1048576K
}
Event: 2127.769 GC heap before
{Heap before GC invocations=83 (full 35):
 PSYoungGen      total 181248K, used 281K [0x00000000e0000000, 0x00000000ee000000, 0x0000000100000000)
  eden space 133120K, 0% used [0x00000000e0000000,0x00000000e0000000,0x00000000e8200000)
  from space 48128K, 0% used [0x00000000eb100000,0x00000000eb146590,0x00000000ee000000)
  to   space 48128K, 0% used [0x00000000e8200000,0x00000000e8200000,0x00000000eb100000)
 ParOldGen       total 124416K, used 106001K [0x00000000a0000000, 0x00000000a7980000, 0x00000000e0000000)
  object space 124416K, 85% used [0x00000000a0000000,0x00000000a6784468,0x00000000a7980000)
 Metaspace       used 78240K, capacity 81244K, committed 82304K, reserved 1120256K
  class space    used 9911K, capacity 10534K, committed 10880K, reserved 1048576K
Event: 2128.175 GC heap after
Heap after GC invocations=83 (full 35):
 PSYoungGen      total 181248K, used 0K [0x00000000e0000000, 0x00000000ee000000, 0x0000000100000000)
  eden space 133120K, 0% used [0x00000000e0000000,0x00000000e0000000,0x00000000e8200000)
  from space 48128K, 0% used [0x00000000eb100000,0x00000000eb100000,0x00000000ee000000)
  to   space 48128K, 0% used [0x00000000e8200000,0x00000000e8200000,0x00000000eb100000)
 ParOldGen       total 124416K, used 60591K [0x00000000a0000000, 0x00000000a7980000, 0x00000000e0000000)
  object space 124416K, 48% used [0x00000000a0000000,0x00000000a3b2bcf8,0x00000000a7980000)
 Metaspace       used 78240K, capacity 81244K, committed 82304K, reserved 1120256K
  class space    used 9911K, capacity 10534K, committed 10880K, reserved 1048576K
}

